# JRE version: OpenJDK Runtime Environment (21.0.8) (build 21.0.8+-14018985-b1038.68)
# Java VM: OpenJDK 64-Bit Server VM (21.0.8+-14018985-b1038.68, mixed mode, tiered, compressed oops, compressed class ptrs, g1 gc, windows-amd64)
GC Precious Log:
 CardTable entry size: 512
 Card Set container configuration: InlinePtr #cards 4 size 8 Array Of Cards #cards 16 size 48 Howl #buckets 8 coarsen threshold 3686 Howl Bitmap #cards 512 size 80 coarsen threshold 460 Card regions per heap region 1 cards per card region 4096
 CPUs: 12 total, 12 available
 Memory: 15557M
 Large Page Support: Disabled
 NUMA Support: Disabled
 Compressed Oops: Enabled (Zero based)
 Heap Region Size: 2M
 Heap Min Capacity: 8M
 Heap Initial Capacity: 244M
 Heap Max Capacity: 3890M
 Pre-touch: Disabled
 Parallel Workers: 10
 Concurrent Workers: 3
 Concurrent Refinement Workers: 10
 Periodic GC: Disabled
Heap:
 garbage-first heap   total 331776K, used 228805K [0x000000070ce00000, 0x0000000800000000)
  region size 2048K, 12 young (24576K), 6 survivors (12288K)
 Metaspace       used 69040K, committed 69248K, reserved 1114112K
  class space    used 7769K, committed 7872K, reserved 1048576K
GC Heap History (20 events):
Event: 3.512 GC heap before
{Heap before GC invocations=14 (full 0):
 garbage-first heap   total 206848K, used 157415K [0x000000070ce00000, 0x0000000800000000)
  region size 2048K, 41 young (83968K), 1 survivors (2048K)
 Metaspace       used 52460K, committed 52736K, reserved 1114112K
  class space    used 6002K, committed 6144K, reserved 1048576K
}
Event: 3.530 GC heap after
{Heap after GC invocations=15 (full 0):
 garbage-first heap   total 206848K, used 99720K [0x000000070ce00000, 0x0000000800000000)
  region size 2048K, 6 young (12288K), 6 survivors (12288K)
 Metaspace       used 52460K, committed 52736K, reserved 1114112K
  class space    used 6002K, committed 6144K, reserved 1048576K
}
Event: 3.724 GC heap before
{Heap before GC invocations=15 (full 0):
 garbage-first heap   total 206848K, used 165256K [0x000000070ce00000, 0x0000000800000000)
  region size 2048K, 38 young (77824K), 6 survivors (12288K)
 Metaspace       used 52675K, committed 52992K, reserved 1114112K
  class space    used 6006K, committed 6144K, reserved 1048576K
}
Event: 3.744 GC heap after
{Heap after GC invocations=16 (full 0):
 garbage-first heap   total 206848K, used 115658K [0x000000070ce00000, 0x0000000800000000)
  region size 2048K, 5 young (10240K), 5 survivors (10240K)
 Metaspace       used 52675K, committed 52992K, reserved 1114112K
  class space    used 6006K, committed 6144K, reserved 1048576K
}
Event: 3.836 GC heap before
{Heap before GC invocations=16 (full 0):
 garbage-first heap   total 206848K, used 170954K [0x000000070ce00000, 0x0000000800000000)
  region size 2048K, 32 young (65536K), 5 survivors (10240K)
 Metaspace       used 52675K, committed 52992K, reserved 1114112K
  class space    used 6006K, committed 6144K, reserved 1048576K
}
Event: 3.845 GC heap after
{Heap after GC invocations=17 (full 0):
 garbage-first heap   total 206848K, used 129024K [0x000000070ce00000, 0x0000000800000000)
  region size 2048K, 4 young (8192K), 4 survivors (8192K)
 Metaspace       used 52675K, committed 52992K, reserved 1114112K
  class space    used 6006K, committed 6144K, reserved 1048576K
}
Event: 3.954 GC heap before
{Heap before GC invocations=17 (full 0):
 garbage-first heap   total 215040K, used 176128K [0x000000070ce00000, 0x0000000800000000)
  region size 2048K, 27 young (55296K), 4 survivors (8192K)
 Metaspace       used 52684K, committed 52992K, reserved 1114112K
  class space    used 6007K, committed 6144K, reserved 1048576K
}
Event: 3.959 GC heap after
{Heap after GC invocations=18 (full 0):
 garbage-first heap   total 215040K, used 140998K [0x000000070ce00000, 0x0000000800000000)
  region size 2048K, 4 young (8192K), 4 survivors (8192K)
 Metaspace       used 52684K, committed 52992K, reserved 1114112K
  class space    used 6007K, committed 6144K, reserved 1048576K
}
Event: 4.040 GC heap before
{Heap before GC invocations=19 (full 0):
 garbage-first heap   total 215040K, used 186054K [0x000000070ce00000, 0x0000000800000000)
  region size 2048K, 26 young (53248K), 4 survivors (8192K)
 Metaspace       used 52684K, committed 52992K, reserved 1114112K
  class space    used 6007K, committed 6144K, reserved 1048576K
}
Event: 4.046 GC heap after
{Heap after GC invocations=20 (full 0):
 garbage-first heap   total 331776K, used 152008K [0x000000070ce00000, 0x0000000800000000)
  region size 2048K, 4 young (8192K), 4 survivors (8192K)
 Metaspace       used 52684K, committed 52992K, reserved 1114112K
  class space    used 6007K, committed 6144K, reserved 1048576K
}
Event: 5.306 GC heap before
{Heap before GC invocations=20 (full 0):
 garbage-first heap   total 331776K, used 264648K [0x000000070ce00000, 0x0000000800000000)
  region size 2048K, 59 young (120832K), 4 survivors (8192K)
 Metaspace       used 57617K, committed 57856K, reserved 1114112K
  class space    used 6539K, committed 6656K, reserved 1048576K
}
Event: 5.317 GC heap after
{Heap after GC invocations=21 (full 0):
 garbage-first heap   total 331776K, used 170563K [0x000000070ce00000, 0x0000000800000000)
  region size 2048K, 8 young (16384K), 8 survivors (16384K)
 Metaspace       used 57617K, committed 57856K, reserved 1114112K
  class space    used 6539K, committed 6656K, reserved 1048576K
}
Event: 7.633 GC heap before
{Heap before GC invocations=21 (full 0):
 garbage-first heap   total 331776K, used 268867K [0x000000070ce00000, 0x0000000800000000)
  region size 2048K, 56 young (114688K), 8 survivors (16384K)
 Metaspace       used 63771K, committed 64128K, reserved 1114112K
  class space    used 7202K, committed 7360K, reserved 1048576K
}
Event: 7.650 GC heap after
{Heap after GC invocations=22 (full 0):
 garbage-first heap   total 331776K, used 186986K [0x000000070ce00000, 0x0000000800000000)
  region size 2048K, 7 young (14336K), 7 survivors (14336K)
 Metaspace       used 63771K, committed 64128K, reserved 1114112K
  class space    used 7202K, committed 7360K, reserved 1048576K
}
Event: 9.824 GC heap before
{Heap before GC invocations=23 (full 0):
 garbage-first heap   total 331776K, used 279146K [0x000000070ce00000, 0x0000000800000000)
  region size 2048K, 52 young (106496K), 7 survivors (14336K)
 Metaspace       used 68085K, committed 68352K, reserved 1114112K
  class space    used 7731K, committed 7872K, reserved 1048576K
}
Event: 9.842 GC heap after
{Heap after GC invocations=24 (full 0):
 garbage-first heap   total 331776K, used 200733K [0x000000070ce00000, 0x0000000800000000)
  region size 2048K, 6 young (12288K), 6 survivors (12288K)
 Metaspace       used 68085K, committed 68352K, reserved 1114112K
  class space    used 7731K, committed 7872K, reserved 1048576K
}
Event: 11.390 GC heap before
{Heap before GC invocations=24 (full 0):
 garbage-first heap   total 331776K, used 286749K [0x000000070ce00000, 0x0000000800000000)
  region size 2048K, 48 young (98304K), 6 survivors (12288K)
 Metaspace       used 68756K, committed 68992K, reserved 1114112K
  class space    used 7762K, committed 7872K, reserved 1048576K
}
Event: 11.401 GC heap after
{Heap after GC invocations=25 (full 0):
 garbage-first heap   total 331776K, used 206131K [0x000000070ce00000, 0x0000000800000000)
  region size 2048K, 4 young (8192K), 4 survivors (8192K)
 Metaspace       used 68756K, committed 68992K, reserved 1114112K
  class space    used 7762K, committed 7872K, reserved 1048576K
}
Event: 12.324 GC heap before
{Heap before GC invocations=25 (full 0):
 garbage-first heap   total 331776K, used 294195K [0x000000070ce00000, 0x0000000800000000)
  region size 2048K, 47 young (96256K), 4 survivors (8192K)
 Metaspace       used 69018K, committed 69248K, reserved 1114112K
  class space    used 7768K, committed 7872K, reserved 1048576K
}
Event: 12.337 GC heap after
{Heap after GC invocations=26 (full 0):
 garbage-first heap   total 331776K, used 218565K [0x000000070ce00000, 0x0000000800000000)
  region size 2048K, 6 young (12288K), 6 survivors (12288K)
 Metaspace       used 69018K, committed 69248K, reserved 1114112K
  class space    used 7768K, committed 7872K, reserved 1048576K
}

