# JRE version: OpenJDK Runtime Environment (21.0.8) (build 21.0.8+-14018985-b1038.68)
# Java VM: OpenJDK 64-Bit Server VM (21.0.8+-14018985-b1038.68, mixed mode, tiered, compressed oops, compressed class ptrs, g1 gc, windows-amd64)
GC Precious Log:
 CardTable entry size: 512
 Card Set container configuration: InlinePtr #cards 4 size 8 Array Of Cards #cards 16 size 48 Howl #buckets 8 coarsen threshold 3686 Howl Bitmap #cards 512 size 80 coarsen threshold 460 Card regions per heap region 1 cards per card region 4096
 CPUs: 12 total, 12 available
 Memory: 15557M
 Large Page Support: Disabled
 NUMA Support: Disabled
 Compressed Oops: Enabled (Zero based)
 Heap Region Size: 2M
 Heap Min Capacity: 8M
 Heap Initial Capacity: 244M
 Heap Max Capacity: 3890M
 Pre-touch: Disabled
 Parallel Workers: 10
 Concurrent Workers: 3
 Concurrent Refinement Workers: 10
 Periodic GC: Disabled
Heap:
 garbage-first heap   total 360448K, used 207157K [0x000000070ce00000, 0x0000000800000000)
  region size 2048K, 19 young (38912K), 8 survivors (16384K)
 Metaspace       used 63914K, committed 64256K, reserved 1114112K
  class space    used 7206K, committed 7360K, reserved 1048576K
GC Heap History (20 events):
Event: 3.064 GC heap before
{Heap before GC invocations=11 (full 0):
 garbage-first heap   total 49152K, used 40913K [0x000000070ce00000, 0x0000000800000000)
  region size 2048K, 7 young (14336K), 1 survivors (2048K)
 Metaspace       used 37535K, committed 37696K, reserved 1114112K
  class space    used 4596K, committed 4672K, reserved 1048576K
}
Event: 3.069 GC heap after
{Heap after GC invocations=12 (full 0):
 garbage-first heap   total 149504K, used 28950K [0x000000070ce00000, 0x0000000800000000)
  region size 2048K, 1 young (2048K), 1 survivors (2048K)
 Metaspace       used 37535K, committed 37696K, reserved 1114112K
  class space    used 4596K, committed 4672K, reserved 1048576K
}
Event: 5.213 GC heap before
{Heap before GC invocations=12 (full 0):
 garbage-first heap   total 149504K, used 112918K [0x000000070ce00000, 0x0000000800000000)
  region size 2048K, 43 young (88064K), 1 survivors (2048K)
 Metaspace       used 44426K, committed 44608K, reserved 1114112K
  class space    used 5218K, committed 5312K, reserved 1048576K
}
Event: 5.241 GC heap after
{Heap after GC invocations=13 (full 0):
 garbage-first heap   total 149504K, used 49909K [0x000000070ce00000, 0x0000000800000000)
  region size 2048K, 6 young (12288K), 6 survivors (12288K)
 Metaspace       used 44426K, committed 44608K, reserved 1114112K
  class space    used 5218K, committed 5312K, reserved 1048576K
}
Event: 5.288 GC heap before
{Heap before GC invocations=13 (full 0):
 garbage-first heap   total 149504K, used 51957K [0x000000070ce00000, 0x0000000800000000)
  region size 2048K, 7 young (14336K), 6 survivors (12288K)
 Metaspace       used 44428K, committed 44608K, reserved 1114112K
  class space    used 5218K, committed 5312K, reserved 1048576K
}
Event: 5.302 GC heap after
{Heap after GC invocations=14 (full 0):
 garbage-first heap   total 149504K, used 51982K [0x000000070ce00000, 0x0000000800000000)
  region size 2048K, 1 young (2048K), 1 survivors (2048K)
 Metaspace       used 44428K, committed 44608K, reserved 1114112K
  class space    used 5218K, committed 5312K, reserved 1048576K
}
Event: 6.082 GC heap before
{Heap before GC invocations=14 (full 0):
 garbage-first heap   total 149504K, used 99086K [0x000000070ce00000, 0x0000000800000000)
  region size 2048K, 24 young (49152K), 1 survivors (2048K)
 Metaspace       used 44605K, committed 44864K, reserved 1114112K
  class space    used 5221K, committed 5312K, reserved 1048576K
}
Event: 6.100 GC heap after
{Heap after GC invocations=15 (full 0):
 garbage-first heap   total 149504K, used 66262K [0x000000070ce00000, 0x0000000800000000)
  region size 2048K, 3 young (6144K), 3 survivors (6144K)
 Metaspace       used 44605K, committed 44864K, reserved 1114112K
  class space    used 5221K, committed 5312K, reserved 1048576K
}
Event: 6.823 GC heap before
{Heap before GC invocations=15 (full 0):
 garbage-first heap   total 149504K, used 107222K [0x000000070ce00000, 0x0000000800000000)
  region size 2048K, 23 young (47104K), 3 survivors (6144K)
 Metaspace       used 48498K, committed 48704K, reserved 1114112K
  class space    used 5630K, committed 5696K, reserved 1048576K
}
Event: 6.840 GC heap after
{Heap after GC invocations=16 (full 0):
 garbage-first heap   total 276480K, used 74379K [0x000000070ce00000, 0x0000000800000000)
  region size 2048K, 3 young (6144K), 3 survivors (6144K)
 Metaspace       used 48498K, committed 48704K, reserved 1114112K
  class space    used 5630K, committed 5696K, reserved 1048576K
}
Event: 8.125 GC heap before
{Heap before GC invocations=16 (full 0):
 garbage-first heap   total 276480K, used 189067K [0x000000070ce00000, 0x0000000800000000)
  region size 2048K, 60 young (122880K), 3 survivors (6144K)
 Metaspace       used 52847K, committed 53120K, reserved 1114112K
  class space    used 6006K, committed 6144K, reserved 1048576K
}
Event: 8.146 GC heap after
{Heap after GC invocations=17 (full 0):
 garbage-first heap   total 276480K, used 107456K [0x000000070ce00000, 0x0000000800000000)
  region size 2048K, 8 young (16384K), 8 survivors (16384K)
 Metaspace       used 52847K, committed 53120K, reserved 1114112K
  class space    used 6006K, committed 6144K, reserved 1048576K
}
Event: 8.380 GC heap before
{Heap before GC invocations=17 (full 0):
 garbage-first heap   total 276480K, used 203712K [0x000000070ce00000, 0x0000000800000000)
  region size 2048K, 55 young (112640K), 8 survivors (16384K)
 Metaspace       used 52865K, committed 53184K, reserved 1114112K
  class space    used 6006K, committed 6144K, reserved 1048576K
}
Event: 8.395 GC heap after
{Heap after GC invocations=18 (full 0):
 garbage-first heap   total 276480K, used 129547K [0x000000070ce00000, 0x0000000800000000)
  region size 2048K, 7 young (14336K), 7 survivors (14336K)
 Metaspace       used 52865K, committed 53184K, reserved 1114112K
  class space    used 6006K, committed 6144K, reserved 1048576K
}
Event: 8.615 GC heap before
{Heap before GC invocations=18 (full 0):
 garbage-first heap   total 276480K, used 215563K [0x000000070ce00000, 0x0000000800000000)
  region size 2048K, 49 young (100352K), 7 survivors (14336K)
 Metaspace       used 52873K, committed 53184K, reserved 1114112K
  class space    used 6007K, committed 6144K, reserved 1048576K
}
Event: 8.623 GC heap after
{Heap after GC invocations=19 (full 0):
 garbage-first heap   total 276480K, used 150896K [0x000000070ce00000, 0x0000000800000000)
  region size 2048K, 7 young (14336K), 7 survivors (14336K)
 Metaspace       used 52873K, committed 53184K, reserved 1114112K
  class space    used 6007K, committed 6144K, reserved 1048576K
}
Event: 9.246 GC heap before
{Heap before GC invocations=19 (full 0):
 garbage-first heap   total 276480K, used 226672K [0x000000070ce00000, 0x0000000800000000)
  region size 2048K, 44 young (90112K), 7 survivors (14336K)
 Metaspace       used 54332K, committed 54656K, reserved 1114112K
  class space    used 6179K, committed 6336K, reserved 1048576K
}
Event: 9.256 GC heap after
{Heap after GC invocations=20 (full 0):
 garbage-first heap   total 360448K, used 168582K [0x000000070ce00000, 0x0000000800000000)
  region size 2048K, 6 young (12288K), 6 survivors (12288K)
 Metaspace       used 54332K, committed 54656K, reserved 1114112K
  class space    used 6179K, committed 6336K, reserved 1048576K
}
Event: 12.288 GC heap before
{Heap before GC invocations=21 (full 0):
 garbage-first heap   total 360448K, used 287366K [0x000000070ce00000, 0x0000000800000000)
  region size 2048K, 64 young (131072K), 6 survivors (12288K)
 Metaspace       used 63578K, committed 63872K, reserved 1114112K
  class space    used 7190K, committed 7296K, reserved 1048576K
}
Event: 12.302 GC heap after
{Heap after GC invocations=22 (full 0):
 garbage-first heap   total 360448K, used 186677K [0x000000070ce00000, 0x0000000800000000)
  region size 2048K, 8 young (16384K), 8 survivors (16384K)
 Metaspace       used 63578K, committed 63872K, reserved 1114112K
  class space    used 7190K, committed 7296K, reserved 1048576K
}

